[
  {
    "heading": "Introduction to Alexander McQueen",
    "slide_context": "- Lee Alexander McQueen (1969\u20132010) was a British fashion designer and couturier.\n- Born on March 17, 1969, in Lewisham, London, England, and passed away on February 11, 2010, in Mayfair, London.\n- Known for founding the Alexander McQueen label in 1992 and serving as chief designer at Givenchy from 1996 to 2001.\n- Achievements include four British Designer of the Year awards (1996, 1997, 2001, 2003) and the Council of Fashion Designers of America International Designer of the Year award in 2003.\n- McQueen's designs were characterized by sharp tailoring, historicism, and imaginative, often controversial themes.",
    "slide_instructions": "Use a headline with right text layout. Include a portrait of Alexander McQueen on the left side.",
    "images_on_slide": null
  },
  {
    "heading": "Early Life and Inspirations",
    "slide_context": "- McQueen was the youngest of six children, born to a taxi driver father and a social science teacher mother.\n- Grew up in Stratford, London, and attended Carpenters Road Primary School and Rokeby School.\n- Developed an interest in fashion at a young age, making dresses for his sisters and drawing designs on walls.\n- Fascinated by birds, he was a member of the Young Ornithologists' Club, which later influenced his designs.",
    "slide_instructions": "Use a 2-column layout with text on the left and images of McQueen's early life or bird motifs on the right.",
    "images_on_slide": null
  },
  {
    "heading": "Career Highlights",
    "slide_context": "- McQueen left school at 16 and pursued tailoring at Newham College, followed by apprenticeships at Savile Row tailors Anderson & Sheppard and Gieves & Hawkes.\n- Worked for theatrical costumiers Angels and Bermans and later for designers Koji Tatsuno and Romeo Gigli.\n- Enrolled at Central Saint Martins, where his graduation collection, 'Jack the Ripper Stalks His Victims,' was bought in its entirety by Isabella Blow, who became his mentor.\n- Launched his own label in 1992 and gained fame for his innovative and theatrical runway shows, including 'Highland Rape' and 'Plato's Atlantis.'\n- Known for iconic designs like the bumster trousers, skull scarf, and armadillo shoes.",
    "slide_instructions": "Highlight key career milestones in a timeline format. Include visuals of iconic designs and runway shows.",
    "images_on_slide": null
  },
  {
    "heading": "Legacy and Cultural Impact",
    "slide_context": "- McQueen's work continues to influence fashion and culture, with retrospectives like 'Savage Beauty' (2011, 2015) and 'Mind, Mythos, Muse' (2022).\n- His designs are celebrated for their drama, innovation, and exploration of themes like romanticism, sexuality, and death.\n- Collaborated with artists and musicians, including David Bowie, Bj\u00f6rk, and Lady Gaga.\n- Posthumously, his brand has expanded globally under the creative direction of Sarah Burton.",
    "slide_instructions": "Use a section break layout to emphasize McQueen's enduring legacy. Include images from exhibitions and collaborations.",
    "images_on_slide": null
  }
]