[
  {
    "id": "77407ad5-00eb-4f6a-97cf-8007ed3eacbe",
    "presentation_id": "34871a03-9e91-4199-92c3-16f6a1bf1291",
    "slide_order": 4,
    "color_set_id": 0,
    "variants": [],
    "created_at": "2025-04-07T15:37:27.711647+00:00",
    "active_variant_id": null,
    "slide_outline": null,
    "slide_context": "- McQueen's work continues to influence fashion and culture, with retrospectives like 'Savage Beauty' (2011, 2015) and 'Mind, Mythos, Muse' (2022).\n- His designs are celebrated for their drama, innovation, and exploration of themes like romanticism, sexuality, and death.\n- Collaborated with artists and musicians, including David Bowie, Bj\u00f6rk, and Lady Gaga.\n- Posthumously, his brand has expanded globally under the creative direction of Sarah Burton.",
    "slide_instructions": "ww3",
    "presentation_context": "\u2022 Alexander McQueen (1969-2010) was a British fashion designer known for theatrical runway shows.\n\u2022 Founded his eponymous label in 1992 after apprenticing on Savile Row.\n\u2022 Won British Designer of the Year four times.\n\u2022 His \"Highland Rape\" (1995) and \"VOSS\" (2001) collections were controversial and groundbreaking.\n\u2022 McQueen died by suicide in 2010, shortly after his mother's death.",
    "slide_status": "VARIANT_GENERATION_SELECTION"
  },
  {
    "id": "ba887262-10fa-4429-a678-3ea6e7a77339",
    "slide_id": "77407ad5-00eb-4f6a-97cf-8007ed3eacbe",
    "element_slide": {
      "type": "AI_GENERATED_LAYOUT",
      "elements": [
        [
          {
            "id": "cf7d433a-15c0-4466-9a8f-4d9b9bfc348c",
            "type": "textbox",
            "subtype": "heading",
            "array_index": null,
            "row_index": null,
            "relative_position": null,
            "dimensions": {
              "widthFraction": null,
              "minHeight": "auto",
              "manualHeight": null,
              "height": null,
              "width": null,
              "paddingHorizontal": "auto",
              "paddingVertical": "auto",
              "shouldRecalculate": false,
              "minGridColumnCount": 2,
              "gridColumnCount": 24,
              "horizontalAlignment": null,
              "verticalAlignment": null
            },
            "parent_id": null,
            "preset_type": "textbox_basic",
            "content": "# Alexander McQueen's Enduring Legacy",
            "prose_mirror_content": null,
            "background": {
              "fill": null,
              "outline": null
            }
          }
        ],
        [
          {
            "id": "6a00d9ce-b0f2-413b-82db-e4be741094b2",
            "type": "container",
            "subtype": "table",
            "array_index": null,
            "row_index": null,
            "relative_position": {
              "top": {
                "element_id": "cf7d433a-15c0-4466-9a8f-4d9b9bfc348c",
                "delta": "auto"
              },
              "left": null
            },
            "dimensions": {
              "widthFraction": null,
              "minHeight": "auto",
              "manualHeight": null,
              "height": null,
              "width": null,
              "paddingHorizontal": "auto",
              "paddingVertical": "auto",
              "shouldRecalculate": false,
              "minGridColumnCount": 8,
              "gridColumnCount": 24,
              "cellMargin": "auto",
              "maxColumnCount": 10
            },
            "parent_id": null,
            "preset_type": "table_basic",
            "elements": [
              {
                "id": "deecd440-f54e-486a-bf78-9e0c0323937f",
                "type": "textbox",
                "subtype": "table_cell",
                "array_index": 0,
                "row_index": 0,
                "relative_position": null,
                "dimensions": {
                  "widthFraction": null,
                  "minHeight": "auto",
                  "manualHeight": null,
                  "height": null,
                  "width": null,
                  "paddingHorizontal": "auto",
                  "paddingVertical": "auto",
                  "shouldRecalculate": false,
                  "minGridColumnCount": 2,
                  "gridColumnCount": "auto",
                  "horizontalAlignment": null,
                  "verticalAlignment": null
                },
                "parent_id": "6a00d9ce-b0f2-413b-82db-e4be741094b2",
                "preset_type": null,
                "content": "**Influence**",
                "prose_mirror_content": null,
                "background": {
                  "fill": null,
                  "outline": null
                },
                "row": 0,
                "column": 0
              },
              {
                "id": "360b7204-1a93-4e3a-a14f-94457c7ee96c",
                "type": "textbox",
                "subtype": "table_cell",
                "array_index": 1,
                "row_index": 0,
                "relative_position": null,
                "dimensions": {
                  "widthFraction": null,
                  "minHeight": "auto",
                  "manualHeight": null,
                  "height": null,
                  "width": null,
                  "paddingHorizontal": "auto",
                  "paddingVertical": "auto",
                  "shouldRecalculate": false,
                  "minGridColumnCount": 2,
                  "gridColumnCount": "auto",
                  "horizontalAlignment": null,
                  "verticalAlignment": null
                },
                "parent_id": "6a00d9ce-b0f2-413b-82db-e4be741094b2",
                "preset_type": null,
                "content": "**Artistic Elements**",
                "prose_mirror_content": null,
                "background": {
                  "fill": null,
                  "outline": null
                },
                "row": 0,
                "column": 1
              },
              {
                "id": "66ff68c2-4000-480c-a5e5-2c460cfcd097",
                "type": "textbox",
                "subtype": "table_cell",
                "array_index": 2,
                "row_index": 1,
                "relative_position": null,
                "dimensions": {
                  "widthFraction": null,
                  "minHeight": "auto",
                  "manualHeight": null,
                  "height": null,
                  "width": null,
                  "paddingHorizontal": "auto",
                  "paddingVertical": "auto",
                  "shouldRecalculate": false,
                  "minGridColumnCount": 2,
                  "gridColumnCount": "auto",
                  "horizontalAlignment": null,
                  "verticalAlignment": null
                },
                "parent_id": "6a00d9ce-b0f2-413b-82db-e4be741094b2",
                "preset_type": null,
                "content": "**Collaborations**",
                "prose_mirror_content": null,
                "background": {
                  "fill": null,
                  "outline": null
                },
                "row": 1,
                "column": 0
              },
              {
                "id": "ddf19d9a-9a10-4163-975c-f2dbffa32a00",
                "type": "textbox",
                "subtype": "table_cell",
                "array_index": 3,
                "row_index": 1,
                "relative_position": null,
                "dimensions": {
                  "widthFraction": null,
                  "minHeight": "auto",
                  "manualHeight": null,
                  "height": null,
                  "width": null,
                  "paddingHorizontal": "auto",
                  "paddingVertical": "auto",
                  "shouldRecalculate": false,
                  "minGridColumnCount": 2,
                  "gridColumnCount": "auto",
                  "horizontalAlignment": null,
                  "verticalAlignment": null
                },
                "parent_id": "6a00d9ce-b0f2-413b-82db-e4be741094b2",
                "preset_type": null,
                "content": "**Brand Evolution**",
                "prose_mirror_content": null,
                "background": {
                  "fill": null,
                  "outline": null
                },
                "row": 1,
                "column": 1
              },
              {
                "id": "8db48749-2320-4380-9bc4-c5f8e2f97355",
                "type": "textbox",
                "subtype": "table_cell",
                "array_index": 4,
                "row_index": 2,
                "relative_position": null,
                "dimensions": {
                  "widthFraction": null,
                  "minHeight": "auto",
                  "manualHeight": null,
                  "height": null,
                  "width": null,
                  "paddingHorizontal": "auto",
                  "paddingVertical": "auto",
                  "shouldRecalculate": false,
                  "minGridColumnCount": 2,
                  "gridColumnCount": "auto",
                  "horizontalAlignment": null,
                  "verticalAlignment": null
                },
                "parent_id": "6a00d9ce-b0f2-413b-82db-e4be741094b2",
                "preset_type": null,
                "content": "Continues to shape fashion through retrospectives like 'Savage Beauty' (2011, 2015) and 'Mind, Mythos, Muse' (2022)",
                "prose_mirror_content": null,
                "background": {
                  "fill": null,
                  "outline": null
                },
                "row": 2,
                "column": 0
              },
              {
                "id": "581f74d4-bcc9-4abf-8157-2fef1dc71b0b",
                "type": "textbox",
                "subtype": "table_cell",
                "array_index": 5,
                "row_index": 2,
                "relative_position": null,
                "dimensions": {
                  "widthFraction": null,
                  "minHeight": "auto",
                  "manualHeight": null,
                  "height": null,
                  "width": null,
                  "paddingHorizontal": "auto",
                  "paddingVertical": "auto",
                  "shouldRecalculate": false,
                  "minGridColumnCount": 2,
                  "gridColumnCount": "auto",
                  "horizontalAlignment": null,
                  "verticalAlignment": null
                },
                "parent_id": "6a00d9ce-b0f2-413b-82db-e4be741094b2",
                "preset_type": null,
                "content": "Celebrated for dramatic designs exploring romanticism, sexuality, and death with innovative techniques",
                "prose_mirror_content": null,
                "background": {
                  "fill": null,
                  "outline": null
                },
                "row": 2,
                "column": 1
              },
              {
                "id": "80d2bd59-3e44-4603-847f-52b39e083340",
                "type": "textbox",
                "subtype": "table_cell",
                "array_index": 6,
                "row_index": 3,
                "relative_position": null,
                "dimensions": {
                  "widthFraction": null,
                  "minHeight": "auto",
                  "manualHeight": null,
                  "height": null,
                  "width": null,
                  "paddingHorizontal": "auto",
                  "paddingVertical": "auto",
                  "shouldRecalculate": false,
                  "minGridColumnCount": 2,
                  "gridColumnCount": "auto",
                  "horizontalAlignment": null,
                  "verticalAlignment": null
                },
                "parent_id": "6a00d9ce-b0f2-413b-82db-e4be741094b2",
                "preset_type": null,
                "content": "Worked with notable artists and musicians including David Bowie, Bj\u00f6rk, and Lady Gaga",
                "prose_mirror_content": null,
                "background": {
                  "fill": null,
                  "outline": null
                },
                "row": 3,
                "column": 0
              },
              {
                "id": "a5e1be1b-361a-4e5a-9db5-aefa96583871",
                "type": "textbox",
                "subtype": "table_cell",
                "array_index": 7,
                "row_index": 3,
                "relative_position": null,
                "dimensions": {
                  "widthFraction": null,
                  "minHeight": "auto",
                  "manualHeight": null,
                  "height": null,
                  "width": null,
                  "paddingHorizontal": "auto",
                  "paddingVertical": "auto",
                  "shouldRecalculate": false,
                  "minGridColumnCount": 2,
                  "gridColumnCount": "auto",
                  "horizontalAlignment": null,
                  "verticalAlignment": null
                },
                "parent_id": "6a00d9ce-b0f2-413b-82db-e4be741094b2",
                "preset_type": null,
                "content": "Expanded globally under Sarah Burton's creative direction after McQueen's death in 2010",
                "prose_mirror_content": null,
                "background": {
                  "fill": null,
                  "outline": null
                },
                "row": 3,
                "column": 1
              }
            ],
            "has_equal_children_width": false,
            "num_rows": 4,
            "num_columns": 2,
            "header_type": "top_only",
            "preset_styles": {
              "type": "table_basic"
            }
          }
        ]
      ]
    },
    "is_discarded": false,
    "created_at": "2025-04-07T15:37:55.119999+00:00"
  },
  {
    "id": "00f2e545-aa07-46af-8c1e-465221264d65",
    "slide_id": "77407ad5-00eb-4f6a-97cf-8007ed3eacbe",
    "element_slide": {
      "type": "AI_GENERATED_LAYOUT",
      "elements": [
        [
          {
            "id": "170053fb-744d-415c-b350-a2ccb1cdc8dd",
            "type": "textbox",
            "subtype": "heading",
            "array_index": null,
            "row_index": null,
            "relative_position": null,
            "dimensions": {
              "widthFraction": null,
              "minHeight": "auto",
              "manualHeight": null,
              "height": null,
              "width": null,
              "paddingHorizontal": "auto",
              "paddingVertical": "auto",
              "shouldRecalculate": false,
              "minGridColumnCount": 2,
              "gridColumnCount": 24,
              "horizontalAlignment": null,
              "verticalAlignment": null
            },
            "parent_id": null,
            "preset_type": "textbox_basic",
            "content": "# Alexander McQueen's Legacy and Influence",
            "prose_mirror_content": null,
            "background": {
              "fill": null,
              "outline": null
            }
          }
        ],
        [
          {
            "id": "40f539be-3bdc-4bde-b7d5-c8cad9f0a8bb",
            "type": "container",
            "subtype": "sections_container",
            "array_index": null,
            "row_index": null,
            "relative_position": {
              "top": {
                "element_id": "170053fb-744d-415c-b350-a2ccb1cdc8dd",
                "delta": "auto"
              },
              "left": null
            },
            "dimensions": {
              "widthFraction": null,
              "minHeight": "auto",
              "manualHeight": null,
              "height": null,
              "width": null,
              "paddingHorizontal": "auto",
              "paddingVertical": "auto",
              "shouldRecalculate": false,
              "minGridColumnCount": 12,
              "gridColumnCount": 24
            },
            "parent_id": null,
            "preset_type": "section_simple_card",
            "elements": [
              {
                "id": "c150991d-e188-43f8-8f16-d842c0f0d974",
                "type": "textbox",
                "subtype": "section_body_text",
                "array_index": 0,
                "row_index": "auto",
                "relative_position": "auto",
                "dimensions": {
                  "widthFraction": null,
                  "minHeight": "auto",
                  "manualHeight": null,
                  "height": null,
                  "width": null,
                  "paddingHorizontal": "auto",
                  "paddingVertical": "auto",
                  "shouldRecalculate": false,
                  "minGridColumnCount": 2,
                  "gridColumnCount": "auto",
                  "horizontalAlignment": null,
                  "verticalAlignment": null
                },
                "parent_id": "40f539be-3bdc-4bde-b7d5-c8cad9f0a8bb",
                "preset_type": null,
                "content": "**Cultural Impact**\n- Retrospectives like 'Savage Beauty' (2011, 2015) and 'Mind, Mythos, Muse' (2022)\n- Designs celebrated for drama, innovation, and artistic vision",
                "prose_mirror_content": null,
                "background": {
                  "fill": null,
                  "outline": null
                }
              },
              {
                "id": "332fd129-3eb4-4b98-86a6-8edd69a97fd5",
                "type": "textbox",
                "subtype": "section_body_text",
                "array_index": 0,
                "row_index": "auto",
                "relative_position": "auto",
                "dimensions": {
                  "widthFraction": null,
                  "minHeight": "auto",
                  "manualHeight": null,
                  "height": null,
                  "width": null,
                  "paddingHorizontal": "auto",
                  "paddingVertical": "auto",
                  "shouldRecalculate": false,
                  "minGridColumnCount": 2,
                  "gridColumnCount": "auto",
                  "horizontalAlignment": null,
                  "verticalAlignment": null
                },
                "parent_id": "40f539be-3bdc-4bde-b7d5-c8cad9f0a8bb",
                "preset_type": null,
                "content": "**Artistic Themes**\n- Exploration of romanticism, sexuality, and mortality\n- Created theatrical runway experiences that challenged conventions",
                "prose_mirror_content": null,
                "background": {
                  "fill": null,
                  "outline": null
                }
              },
              {
                "id": "4852cb31-fc51-44da-b7a5-8d6fbe9e8ce9",
                "type": "textbox",
                "subtype": "section_body_text",
                "array_index": 0,
                "row_index": "auto",
                "relative_position": "auto",
                "dimensions": {
                  "widthFraction": null,
                  "minHeight": "auto",
                  "manualHeight": null,
                  "height": null,
                  "width": null,
                  "paddingHorizontal": "auto",
                  "paddingVertical": "auto",
                  "shouldRecalculate": false,
                  "minGridColumnCount": 2,
                  "gridColumnCount": "auto",
                  "horizontalAlignment": null,
                  "verticalAlignment": null
                },
                "parent_id": "40f539be-3bdc-4bde-b7d5-c8cad9f0a8bb",
                "preset_type": null,
                "content": "**Creative Collaborations**\n- Worked with David Bowie, Bj\u00f6rk, and Lady Gaga\n- Bridged fashion with other artistic disciplines",
                "prose_mirror_content": null,
                "background": {
                  "fill": null,
                  "outline": null
                }
              },
              {
                "id": "8519d5c0-8c64-4198-81e2-0ecc115fcde2",
                "type": "textbox",
                "subtype": "section_body_text",
                "array_index": 0,
                "row_index": "auto",
                "relative_position": "auto",
                "dimensions": {
                  "widthFraction": null,
                  "minHeight": "auto",
                  "manualHeight": null,
                  "height": null,
                  "width": null,
                  "paddingHorizontal": "auto",
                  "paddingVertical": "auto",
                  "shouldRecalculate": false,
                  "minGridColumnCount": 2,
                  "gridColumnCount": "auto",
                  "horizontalAlignment": null,
                  "verticalAlignment": null
                },
                "parent_id": "40f539be-3bdc-4bde-b7d5-c8cad9f0a8bb",
                "preset_type": null,
                "content": "**Brand Evolution**\n- Expanded globally under Sarah Burton's creative direction\n- Maintained artistic integrity while growing commercially",
                "prose_mirror_content": null,
                "background": {
                  "fill": null,
                  "outline": null
                }
              }
            ],
            "has_equal_children_width": true,
            "number_of_first_row_elements": 2,
            "section_type": "text"
          }
        ],
        [
          {
            "id": "d45b6463-7ff8-4230-9d7a-1162228516bc",
            "type": "textbox",
            "subtype": "subheading",
            "array_index": null,
            "row_index": null,
            "relative_position": {
              "top": {
                "element_id": "40f539be-3bdc-4bde-b7d5-c8cad9f0a8bb",
                "delta": "auto"
              },
              "left": null
            },
            "dimensions": {
              "widthFraction": null,
              "minHeight": "auto",
              "manualHeight": null,
              "height": null,
              "width": null,
              "paddingHorizontal": "auto",
              "paddingVertical": "auto",
              "shouldRecalculate": false,
              "minGridColumnCount": 2,
              "gridColumnCount": 24,
              "horizontalAlignment": null,
              "verticalAlignment": null
            },
            "parent_id": null,
            "preset_type": "textbox_basic",
            "content": "His work continues to shape fashion, art, and popular culture",
            "prose_mirror_content": null,
            "background": {
              "fill": null,
              "outline": null
            }
          }
        ]
      ]
    },
    "is_discarded": false,
    "created_at": "2025-04-07T15:37:55.456937+00:00"
  },
  {
    "id": "9bda62fb-54aa-4e1d-b63f-ee69439a3f93",
    "slide_id": "77407ad5-00eb-4f6a-97cf-8007ed3eacbe",
    "element_slide": {
      "type": "AI_GENERATED_LAYOUT",
      "elements": [
        [
          {
            "id": "04b99e04-3c09-49b6-ae30-67faaa08f0ad",
            "type": "textbox",
            "subtype": "heading",
            "array_index": null,
            "row_index": null,
            "relative_position": null,
            "dimensions": {
              "widthFraction": null,
              "minHeight": "auto",
              "manualHeight": null,
              "height": null,
              "width": null,
              "paddingHorizontal": "auto",
              "paddingVertical": "auto",
              "shouldRecalculate": false,
              "minGridColumnCount": 2,
              "gridColumnCount": 24,
              "horizontalAlignment": null,
              "verticalAlignment": null
            },
            "parent_id": null,
            "preset_type": "textbox_basic",
            "content": "# Alexander McQueen's Legacy",
            "prose_mirror_content": null,
            "background": {
              "fill": null,
              "outline": null
            }
          }
        ],
        [
          {
            "id": "ced36f43-404a-453e-af07-cfd54a85dfdb",
            "type": "container",
            "subtype": "timeline",
            "array_index": null,
            "row_index": null,
            "relative_position": {
              "top": {
                "element_id": "04b99e04-3c09-49b6-ae30-67faaa08f0ad",
                "delta": "auto"
              },
              "left": null
            },
            "dimensions": {
              "widthFraction": null,
              "minHeight": "auto",
              "manualHeight": null,
              "height": null,
              "width": null,
              "paddingHorizontal": "auto",
              "paddingVertical": "auto",
              "shouldRecalculate": false,
              "minGridColumnCount": 18,
              "gridColumnCount": 24
            },
            "parent_id": null,
            "preset_type": "timeline_basic",
            "elements": [
              {
                "id": "256e1def-17ed-4944-971c-d739452f31ed",
                "type": "container",
                "subtype": "timeline_event",
                "array_index": 0,
                "row_index": 2,
                "relative_position": null,
                "dimensions": {
                  "widthFraction": null,
                  "minHeight": "auto",
                  "manualHeight": null,
                  "height": null,
                  "width": null,
                  "paddingHorizontal": "auto",
                  "paddingVertical": "auto",
                  "shouldRecalculate": false,
                  "minGridColumnCount": 12,
                  "gridColumnCount": "auto"
                },
                "parent_id": "ced36f43-404a-453e-af07-cfd54a85dfdb",
                "preset_type": null,
                "elements": [
                  {
                    "id": "a004dea5-1b3e-4ea5-9b47-e9b47dc5da52",
                    "type": "icon",
                    "subtype": "timeline_event_icon",
                    "array_index": 0,
                    "row_index": "auto",
                    "relative_position": null,
                    "dimensions": {
                      "widthFraction": null,
                      "minHeight": "auto",
                      "manualHeight": null,
                      "height": "auto",
                      "width": "auto",
                      "paddingHorizontal": "auto",
                      "paddingVertical": "auto",
                      "shouldRecalculate": false,
                      "minGridColumnCount": 2,
                      "gridColumnCount": "auto"
                    },
                    "parent_id": "256e1def-17ed-4944-971c-d739452f31ed",
                    "preset_type": null,
                    "content": {
                      "icon_type": "TABLER_ICON",
                      "icon_name": "IconExhibit",
                      "icon_color": null
                    },
                    "background": {
                      "fill": null,
                      "outline": null
                    }
                  },
                  {
                    "id": "2dd7a869-ce01-4c25-8bb8-3bd52a33737b",
                    "type": "textbox",
                    "subtype": "timeline_heading_text",
                    "array_index": 1,
                    "row_index": "auto",
                    "relative_position": null,
                    "dimensions": {
                      "widthFraction": null,
                      "minHeight": "auto",
                      "manualHeight": null,
                      "height": null,
                      "width": null,
                      "paddingHorizontal": "auto",
                      "paddingVertical": "auto",
                      "shouldRecalculate": false,
                      "minGridColumnCount": 2,
                      "gridColumnCount": "auto",
                      "horizontalAlignment": null,
                      "verticalAlignment": null
                    },
                    "parent_id": "256e1def-17ed-4944-971c-d739452f31ed",
                    "preset_type": null,
                    "content": "Exhibitions",
                    "prose_mirror_content": null,
                    "background": {
                      "fill": null,
                      "outline": null
                    }
                  },
                  {
                    "id": "f75e389f-7c29-43df-a3c6-b2cf92545531",
                    "type": "textbox",
                    "subtype": "timeline_body_text",
                    "array_index": 2,
                    "row_index": "auto",
                    "relative_position": null,
                    "dimensions": {
                      "widthFraction": null,
                      "minHeight": "auto",
                      "manualHeight": null,
                      "height": null,
                      "width": null,
                      "paddingHorizontal": "auto",
                      "paddingVertical": "auto",
                      "shouldRecalculate": false,
                      "minGridColumnCount": 2,
                      "gridColumnCount": "auto",
                      "horizontalAlignment": null,
                      "verticalAlignment": null
                    },
                    "parent_id": "256e1def-17ed-4944-971c-d739452f31ed",
                    "preset_type": null,
                    "content": "Major retrospectives like 'Savage Beauty' (2011, 2015) and 'Mind, Mythos, Muse' (2022) continue to showcase his influential work",
                    "prose_mirror_content": null,
                    "background": {
                      "fill": null,
                      "outline": null
                    }
                  }
                ],
                "has_equal_children_width": false,
                "event_index": 0
              },
              {
                "id": "9b2260ff-8e69-41bd-a3f9-cc8739088273",
                "type": "container",
                "subtype": "timeline_event",
                "array_index": 1,
                "row_index": 0,
                "relative_position": null,
                "dimensions": {
                  "widthFraction": null,
                  "minHeight": "auto",
                  "manualHeight": null,
                  "height": null,
                  "width": null,
                  "paddingHorizontal": "auto",
                  "paddingVertical": "auto",
                  "shouldRecalculate": false,
                  "minGridColumnCount": 12,
                  "gridColumnCount": "auto"
                },
                "parent_id": "ced36f43-404a-453e-af07-cfd54a85dfdb",
                "preset_type": null,
                "elements": [
                  {
                    "id": "91f5db96-f47f-4278-b43e-d7c8466039ae",
                    "type": "icon",
                    "subtype": "timeline_event_icon",
                    "array_index": 0,
                    "row_index": "auto",
                    "relative_position": null,
                    "dimensions": {
                      "widthFraction": null,
                      "minHeight": "auto",
                      "manualHeight": null,
                      "height": "auto",
                      "width": "auto",
                      "paddingHorizontal": "auto",
                      "paddingVertical": "auto",
                      "shouldRecalculate": false,
                      "minGridColumnCount": 2,
                      "gridColumnCount": "auto"
                    },
                    "parent_id": "9b2260ff-8e69-41bd-a3f9-cc8739088273",
                    "preset_type": null,
                    "content": {
                      "icon_type": "TABLER_ICON",
                      "icon_name": "IconPalette",
                      "icon_color": null
                    },
                    "background": {
                      "fill": null,
                      "outline": null
                    }
                  },
                  {
                    "id": "9eaa4084-0380-4cd8-91bd-029e7ba77ec5",
                    "type": "textbox",
                    "subtype": "timeline_heading_text",
                    "array_index": 1,
                    "row_index": "auto",
                    "relative_position": null,
                    "dimensions": {
                      "widthFraction": null,
                      "minHeight": "auto",
                      "manualHeight": null,
                      "height": null,
                      "width": null,
                      "paddingHorizontal": "auto",
                      "paddingVertical": "auto",
                      "shouldRecalculate": false,
                      "minGridColumnCount": 2,
                      "gridColumnCount": "auto",
                      "horizontalAlignment": null,
                      "verticalAlignment": null
                    },
                    "parent_id": "9b2260ff-8e69-41bd-a3f9-cc8739088273",
                    "preset_type": null,
                    "content": "Artistic Vision",
                    "prose_mirror_content": null,
                    "background": {
                      "fill": null,
                      "outline": null
                    }
                  },
                  {
                    "id": "95ab6338-fbf6-43d0-a972-e56d60856eac",
                    "type": "textbox",
                    "subtype": "timeline_body_text",
                    "array_index": 2,
                    "row_index": "auto",
                    "relative_position": null,
                    "dimensions": {
                      "widthFraction": null,
                      "minHeight": "auto",
                      "manualHeight": null,
                      "height": null,
                      "width": null,
                      "paddingHorizontal": "auto",
                      "paddingVertical": "auto",
                      "shouldRecalculate": false,
                      "minGridColumnCount": 2,
                      "gridColumnCount": "auto",
                      "horizontalAlignment": null,
                      "verticalAlignment": null
                    },
                    "parent_id": "9b2260ff-8e69-41bd-a3f9-cc8739088273",
                    "preset_type": null,
                    "content": "Celebrated for dramatic designs exploring romanticism, sexuality, and death with innovative techniques and provocative presentations",
                    "prose_mirror_content": null,
                    "background": {
                      "fill": null,
                      "outline": null
                    }
                  }
                ],
                "has_equal_children_width": false,
                "event_index": 1
              },
              {
                "id": "879ff9dd-b48d-42ec-ac72-f7410c109d4d",
                "type": "ui_only",
                "subtype": "timeline_line",
                "array_index": 2,
                "row_index": 1,
                "relative_position": null,
                "dimensions": {
                  "widthFraction": null,
                  "minHeight": "auto",
                  "manualHeight": null,
                  "height": "auto",
                  "width": "auto",
                  "paddingHorizontal": "auto",
                  "paddingVertical": "auto",
                  "shouldRecalculate": false,
                  "minGridColumnCount": 2,
                  "gridColumnCount": "auto"
                },
                "parent_id": "ced36f43-404a-453e-af07-cfd54a85dfdb",
                "preset_type": null
              },
              {
                "id": "7c3db202-65a6-4d9a-b474-e1f225d8e2df",
                "type": "container",
                "subtype": "timeline_event",
                "array_index": 3,
                "row_index": 2,
                "relative_position": null,
                "dimensions": {
                  "widthFraction": null,
                  "minHeight": "auto",
                  "manualHeight": null,
                  "height": null,
                  "width": null,
                  "paddingHorizontal": "auto",
                  "paddingVertical": "auto",
                  "shouldRecalculate": false,
                  "minGridColumnCount": 12,
                  "gridColumnCount": "auto"
                },
                "parent_id": "ced36f43-404a-453e-af07-cfd54a85dfdb",
                "preset_type": null,
                "elements": [
                  {
                    "id": "44965aab-5d44-43ed-a98b-d732e3d30423",
                    "type": "icon",
                    "subtype": "timeline_event_icon",
                    "array_index": 0,
                    "row_index": "auto",
                    "relative_position": null,
                    "dimensions": {
                      "widthFraction": null,
                      "minHeight": "auto",
                      "manualHeight": null,
                      "height": "auto",
                      "width": "auto",
                      "paddingHorizontal": "auto",
                      "paddingVertical": "auto",
                      "shouldRecalculate": false,
                      "minGridColumnCount": 2,
                      "gridColumnCount": "auto"
                    },
                    "parent_id": "7c3db202-65a6-4d9a-b474-e1f225d8e2df",
                    "preset_type": null,
                    "content": {
                      "icon_type": "TABLER_ICON",
                      "icon_name": "IconMicrophone",
                      "icon_color": null
                    },
                    "background": {
                      "fill": null,
                      "outline": null
                    }
                  },
                  {
                    "id": "9e1239ad-f460-4e34-97a1-455aaecc62d2",
                    "type": "textbox",
                    "subtype": "timeline_heading_text",
                    "array_index": 1,
                    "row_index": "auto",
                    "relative_position": null,
                    "dimensions": {
                      "widthFraction": null,
                      "minHeight": "auto",
                      "manualHeight": null,
                      "height": null,
                      "width": null,
                      "paddingHorizontal": "auto",
                      "paddingVertical": "auto",
                      "shouldRecalculate": false,
                      "minGridColumnCount": 2,
                      "gridColumnCount": "auto",
                      "horizontalAlignment": null,
                      "verticalAlignment": null
                    },
                    "parent_id": "7c3db202-65a6-4d9a-b474-e1f225d8e2df",
                    "preset_type": null,
                    "content": "Collaborations",
                    "prose_mirror_content": null,
                    "background": {
                      "fill": null,
                      "outline": null
                    }
                  },
                  {
                    "id": "a5a98436-6037-4c23-83cf-c405687ec882",
                    "type": "textbox",
                    "subtype": "timeline_body_text",
                    "array_index": 2,
                    "row_index": "auto",
                    "relative_position": null,
                    "dimensions": {
                      "widthFraction": null,
                      "minHeight": "auto",
                      "manualHeight": null,
                      "height": null,
                      "width": null,
                      "paddingHorizontal": "auto",
                      "paddingVertical": "auto",
                      "shouldRecalculate": false,
                      "minGridColumnCount": 2,
                      "gridColumnCount": "auto",
                      "horizontalAlignment": null,
                      "verticalAlignment": null
                    },
                    "parent_id": "7c3db202-65a6-4d9a-b474-e1f225d8e2df",
                    "preset_type": null,
                    "content": "Worked with artists and musicians including David Bowie, Bj\u00f6rk, and Lady Gaga, extending his influence beyond fashion",
                    "prose_mirror_content": null,
                    "background": {
                      "fill": null,
                      "outline": null
                    }
                  }
                ],
                "has_equal_children_width": false,
                "event_index": 2
              },
              {
                "id": "aa76aa1c-9fbe-41db-b7dc-1a4238712bb6",
                "type": "container",
                "subtype": "timeline_event",
                "array_index": 4,
                "row_index": 0,
                "relative_position": null,
                "dimensions": {
                  "widthFraction": null,
                  "minHeight": "auto",
                  "manualHeight": null,
                  "height": null,
                  "width": null,
                  "paddingHorizontal": "auto",
                  "paddingVertical": "auto",
                  "shouldRecalculate": false,
                  "minGridColumnCount": 12,
                  "gridColumnCount": "auto"
                },
                "parent_id": "ced36f43-404a-453e-af07-cfd54a85dfdb",
                "preset_type": null,
                "elements": [
                  {
                    "id": "adc4d1b4-c49c-4492-8245-97a30f46d444",
                    "type": "icon",
                    "subtype": "timeline_event_icon",
                    "array_index": 0,
                    "row_index": "auto",
                    "relative_position": null,
                    "dimensions": {
                      "widthFraction": null,
                      "minHeight": "auto",
                      "manualHeight": null,
                      "height": "auto",
                      "width": "auto",
                      "paddingHorizontal": "auto",
                      "paddingVertical": "auto",
                      "shouldRecalculate": false,
                      "minGridColumnCount": 2,
                      "gridColumnCount": "auto"
                    },
                    "parent_id": "aa76aa1c-9fbe-41db-b7dc-1a4238712bb6",
                    "preset_type": null,
                    "content": {
                      "icon_type": "TABLER_ICON",
                      "icon_name": "IconBuildingStore",
                      "icon_color": null
                    },
                    "background": {
                      "fill": null,
                      "outline": null
                    }
                  },
                  {
                    "id": "62fe364f-c1a9-4b7d-9766-de231a9adf38",
                    "type": "textbox",
                    "subtype": "timeline_heading_text",
                    "array_index": 1,
                    "row_index": "auto",
                    "relative_position": null,
                    "dimensions": {
                      "widthFraction": null,
                      "minHeight": "auto",
                      "manualHeight": null,
                      "height": null,
                      "width": null,
                      "paddingHorizontal": "auto",
                      "paddingVertical": "auto",
                      "shouldRecalculate": false,
                      "minGridColumnCount": 2,
                      "gridColumnCount": "auto",
                      "horizontalAlignment": null,
                      "verticalAlignment": null
                    },
                    "parent_id": "aa76aa1c-9fbe-41db-b7dc-1a4238712bb6",
                    "preset_type": null,
                    "content": "Brand Evolution",
                    "prose_mirror_content": null,
                    "background": {
                      "fill": null,
                      "outline": null
                    }
                  },
                  {
                    "id": "a0633849-bedb-4973-a70b-e66b943e1eba",
                    "type": "textbox",
                    "subtype": "timeline_body_text",
                    "array_index": 2,
                    "row_index": "auto",
                    "relative_position": null,
                    "dimensions": {
                      "widthFraction": null,
                      "minHeight": "auto",
                      "manualHeight": null,
                      "height": null,
                      "width": null,
                      "paddingHorizontal": "auto",
                      "paddingVertical": "auto",
                      "shouldRecalculate": false,
                      "minGridColumnCount": 2,
                      "gridColumnCount": "auto",
                      "horizontalAlignment": null,
                      "verticalAlignment": null
                    },
                    "parent_id": "aa76aa1c-9fbe-41db-b7dc-1a4238712bb6",
                    "preset_type": null,
                    "content": "His fashion house expanded globally under Sarah Burton's creative direction, preserving his artistic legacy while evolving the brand",
                    "prose_mirror_content": null,
                    "background": {
                      "fill": null,
                      "outline": null
                    }
                  }
                ],
                "has_equal_children_width": false,
                "event_index": 3
              }
            ],
            "has_equal_children_width": false,
            "num_events": 4,
            "direction": "horizontal",
            "orientation": "alternating",
            "content_type": "heading_and_description",
            "preset_styles": {
              "type": "timeline_basic",
              "body_alignment": "start",
              "start_marker_style": null,
              "end_marker_style": null,
              "event_visual_element": "icon",
              "icon_color": null
            }
          }
        ]
      ]
    },
    "is_discarded": false,
    "created_at": "2025-04-07T15:37:55.633691+00:00"
  },
  {
    "id": "19482cd8-f648-4f5c-a2c7-278c606471e6",
    "slide_id": "77407ad5-00eb-4f6a-97cf-8007ed3eacbe",
    "element_slide": {
      "type": "AI_GENERATED_LAYOUT",
      "elements": [
        [
          {
            "id": "d0c8bb0d-6914-444e-a65a-9f070ce3cbe5",
            "type": "textbox",
            "subtype": "heading",
            "array_index": null,
            "row_index": null,
            "relative_position": null,
            "dimensions": {
              "widthFraction": null,
              "minHeight": "auto",
              "manualHeight": null,
              "height": null,
              "width": null,
              "paddingHorizontal": "auto",
              "paddingVertical": "auto",
              "shouldRecalculate": false,
              "minGridColumnCount": 2,
              "gridColumnCount": 24,
              "horizontalAlignment": null,
              "verticalAlignment": null
            },
            "parent_id": null,
            "preset_type": "textbox_basic",
            "content": "# The Legacy of Alexander McQueen",
            "prose_mirror_content": null,
            "background": {
              "fill": null,
              "outline": null
            }
          }
        ],
        [
          {
            "id": "2c645068-390f-4644-ae2e-d71037427078",
            "type": "textbox",
            "subtype": "mixed",
            "array_index": null,
            "row_index": null,
            "relative_position": {
              "top": {
                "element_id": "d0c8bb0d-6914-444e-a65a-9f070ce3cbe5",
                "delta": "auto"
              },
              "left": null
            },
            "dimensions": {
              "widthFraction": null,
              "minHeight": "auto",
              "manualHeight": null,
              "height": null,
              "width": null,
              "paddingHorizontal": "auto",
              "paddingVertical": "auto",
              "shouldRecalculate": false,
              "minGridColumnCount": 2,
              "gridColumnCount": 12,
              "horizontalAlignment": null,
              "verticalAlignment": null
            },
            "parent_id": null,
            "preset_type": "textbox_basic",
            "content": "- **Continuing Influence**: Retrospectives like 'Savage Beauty' (2011, 2015) and 'Mind, Mythos, Muse' (2022) showcase McQueen's lasting impact\n\n- **Celebrated Designs**: Known for drama, innovation, and exploration of romanticism, sexuality, and death\n\n- **Artistic Collaborations**: Worked with influential artists including David Bowie, Bj\u00f6rk, and Lady Gaga\n\n- **Global Expansion**: His brand continues to thrive internationally under Sarah Burton's creative direction",
            "prose_mirror_content": null,
            "background": {
              "fill": null,
              "outline": null
            }
          },
          {
            "id": "26f8941c-9945-4f0a-b391-1ad9b90cab19",
            "type": "container",
            "subtype": "funnel",
            "array_index": null,
            "row_index": null,
            "relative_position": {
              "top": {
                "element_id": "d0c8bb0d-6914-444e-a65a-9f070ce3cbe5",
                "delta": "auto"
              },
              "left": {
                "element_id": "2c645068-390f-4644-ae2e-d71037427078",
                "delta": "auto"
              }
            },
            "dimensions": {
              "widthFraction": null,
              "minHeight": "auto",
              "manualHeight": null,
              "height": "auto",
              "width": "auto",
              "paddingHorizontal": "auto",
              "paddingVertical": "auto",
              "shouldRecalculate": false,
              "minGridColumnCount": 12,
              "gridColumnCount": 12
            },
            "parent_id": null,
            "preset_type": "funnel_basic",
            "elements": [
              {
                "id": "9aa746ae-0842-4b5c-a27d-7b5f24852913",
                "type": "textbox",
                "subtype": "funnel_inline_text",
                "array_index": 0,
                "row_index": 0,
                "relative_position": null,
                "dimensions": {
                  "widthFraction": null,
                  "minHeight": "auto",
                  "manualHeight": null,
                  "height": null,
                  "width": null,
                  "paddingHorizontal": "auto",
                  "paddingVertical": "auto",
                  "shouldRecalculate": false,
                  "minGridColumnCount": 2,
                  "gridColumnCount": "auto",
                  "horizontalAlignment": null,
                  "verticalAlignment": null
                },
                "parent_id": "26f8941c-9945-4f0a-b391-1ad9b90cab19",
                "preset_type": null,
                "content": "Design",
                "prose_mirror_content": null,
                "background": {
                  "fill": null,
                  "outline": null
                },
                "stage_index": 0
              },
              {
                "id": "3a68ca50-ef32-4278-90d1-4b0951179a8d",
                "type": "textbox",
                "subtype": "funnel_annotation_text",
                "array_index": 1,
                "row_index": 0,
                "relative_position": null,
                "dimensions": {
                  "widthFraction": null,
                  "minHeight": "auto",
                  "manualHeight": null,
                  "height": null,
                  "width": null,
                  "paddingHorizontal": "auto",
                  "paddingVertical": "auto",
                  "shouldRecalculate": false,
                  "minGridColumnCount": 2,
                  "gridColumnCount": "auto",
                  "horizontalAlignment": null,
                  "verticalAlignment": null
                },
                "parent_id": "26f8941c-9945-4f0a-b391-1ad9b90cab19",
                "preset_type": null,
                "content": "Drama & Innovation",
                "prose_mirror_content": null,
                "background": {
                  "fill": null,
                  "outline": null
                },
                "stage_index": 0
              },
              {
                "id": "32a081a5-6cf0-4912-a892-210efd4dd2c7",
                "type": "textbox",
                "subtype": "funnel_inline_text",
                "array_index": 2,
                "row_index": 1,
                "relative_position": null,
                "dimensions": {
                  "widthFraction": null,
                  "minHeight": "auto",
                  "manualHeight": null,
                  "height": null,
                  "width": null,
                  "paddingHorizontal": "auto",
                  "paddingVertical": "auto",
                  "shouldRecalculate": false,
                  "minGridColumnCount": 2,
                  "gridColumnCount": "auto",
                  "horizontalAlignment": null,
                  "verticalAlignment": null
                },
                "parent_id": "26f8941c-9945-4f0a-b391-1ad9b90cab19",
                "preset_type": null,
                "content": "Shows",
                "prose_mirror_content": null,
                "background": {
                  "fill": null,
                  "outline": null
                },
                "stage_index": 1
              },
              {
                "id": "8ec02055-1f8f-4f17-b8c5-22d8f974964a",
                "type": "textbox",
                "subtype": "funnel_annotation_text",
                "array_index": 3,
                "row_index": 1,
                "relative_position": null,
                "dimensions": {
                  "widthFraction": null,
                  "minHeight": "auto",
                  "manualHeight": null,
                  "height": null,
                  "width": null,
                  "paddingHorizontal": "auto",
                  "paddingVertical": "auto",
                  "shouldRecalculate": false,
                  "minGridColumnCount": 2,
                  "gridColumnCount": "auto",
                  "horizontalAlignment": null,
                  "verticalAlignment": null
                },
                "parent_id": "26f8941c-9945-4f0a-b391-1ad9b90cab19",
                "preset_type": null,
                "content": "Theatrical Impact",
                "prose_mirror_content": null,
                "background": {
                  "fill": null,
                  "outline": null
                },
                "stage_index": 1
              },
              {
                "id": "9a4507a3-9e75-49c9-b0e8-221e43a9c7a3",
                "type": "textbox",
                "subtype": "funnel_inline_text",
                "array_index": 4,
                "row_index": 2,
                "relative_position": null,
                "dimensions": {
                  "widthFraction": null,
                  "minHeight": "auto",
                  "manualHeight": null,
                  "height": null,
                  "width": null,
                  "paddingHorizontal": "auto",
                  "paddingVertical": "auto",
                  "shouldRecalculate": false,
                  "minGridColumnCount": 2,
                  "gridColumnCount": "auto",
                  "horizontalAlignment": null,
                  "verticalAlignment": null
                },
                "parent_id": "26f8941c-9945-4f0a-b391-1ad9b90cab19",
                "preset_type": null,
                "content": "Themes",
                "prose_mirror_content": null,
                "background": {
                  "fill": null,
                  "outline": null
                },
                "stage_index": 2
              },
              {
                "id": "f60dd4cd-d772-47c9-8dc7-6b6d29e1bbf8",
                "type": "textbox",
                "subtype": "funnel_annotation_text",
                "array_index": 5,
                "row_index": 2,
                "relative_position": null,
                "dimensions": {
                  "widthFraction": null,
                  "minHeight": "auto",
                  "manualHeight": null,
                  "height": null,
                  "width": null,
                  "paddingHorizontal": "auto",
                  "paddingVertical": "auto",
                  "shouldRecalculate": false,
                  "minGridColumnCount": 2,
                  "gridColumnCount": "auto",
                  "horizontalAlignment": null,
                  "verticalAlignment": null
                },
                "parent_id": "26f8941c-9945-4f0a-b391-1ad9b90cab19",
                "preset_type": null,
                "content": "Romance & Mortality",
                "prose_mirror_content": null,
                "background": {
                  "fill": null,
                  "outline": null
                },
                "stage_index": 2
              },
              {
                "id": "5c07c319-c292-45a0-970c-b056b9c40c57",
                "type": "textbox",
                "subtype": "funnel_inline_text",
                "array_index": 6,
                "row_index": 3,
                "relative_position": null,
                "dimensions": {
                  "widthFraction": null,
                  "minHeight": "auto",
                  "manualHeight": null,
                  "height": null,
                  "width": null,
                  "paddingHorizontal": "auto",
                  "paddingVertical": "auto",
                  "shouldRecalculate": false,
                  "minGridColumnCount": 2,
                  "gridColumnCount": "auto",
                  "horizontalAlignment": null,
                  "verticalAlignment": null
                },
                "parent_id": "26f8941c-9945-4f0a-b391-1ad9b90cab19",
                "preset_type": null,
                "content": "Legacy",
                "prose_mirror_content": null,
                "background": {
                  "fill": null,
                  "outline": null
                },
                "stage_index": 3
              },
              {
                "id": "15d19d3b-9750-4330-8d56-a5d42d0acb78",
                "type": "textbox",
                "subtype": "funnel_annotation_text",
                "array_index": 7,
                "row_index": 3,
                "relative_position": null,
                "dimensions": {
                  "widthFraction": null,
                  "minHeight": "auto",
                  "manualHeight": null,
                  "height": null,
                  "width": null,
                  "paddingHorizontal": "auto",
                  "paddingVertical": "auto",
                  "shouldRecalculate": false,
                  "minGridColumnCount": 2,
                  "gridColumnCount": "auto",
                  "horizontalAlignment": null,
                  "verticalAlignment": null
                },
                "parent_id": "26f8941c-9945-4f0a-b391-1ad9b90cab19",
                "preset_type": null,
                "content": "Global Influence",
                "prose_mirror_content": null,
                "background": {
                  "fill": null,
                  "outline": null
                },
                "stage_index": 3
              }
            ],
            "has_equal_children_width": false,
            "num_stages": 4,
            "show_annotations": true
          }
        ]
      ]
    },
    "is_discarded": false,
    "created_at": "2025-04-07T15:37:56.309779+00:00"
  }
]